Problem  1

d / 13\
--\x  /
dx     

    12
13*x  

Problem  2

d / 1  \
--|----|
dx| 3/2|
  \x   /

  -3  
------
   5/2
2*x   

Problem  3

d / 2*a\
--\x   /
dx      

     2*a
2*a*x   
--------
   x    

Problem  4

d / 2.4\
--\t   /
dt      

     2.4
2.4*t   
--------
   t    

Problem  5

d /3 ___\
--\\/ u /
du       

  1   
------
   2/3
3*u   

Problem  6

  /     ____\
d |    / 1  |
--|   /  -- |
dx|3 /    5 |
  \\/    x  /

        ____
       / 1  
-5*   /  -- 
   3 /    5 
   \/    x  
------------
    3*x     

Problem  7

  /     ____\
d |    / 1  |
--|   /  -- |
dx|5 /    8 |
  \\/    x  /

        ____
       / 1  
-8*   /  -- 
   5 /    8 
   \/    x  
------------
    5*x     

Problem  8

d /       a - 1\
--\(2*a*x)     /
dx              

       a - 1        
(2*a*x)     *(a - 1)
--------------------
         x          

Problem  9

  /   ____\
d |q /  3 |
--\\/  x  /
dx         

     ____
  q /  3 
3*\/  x  
---------
   q*x   

Problem  10

  /   _____\
d |n /  -m |
--\\/  x   /
dx          

      _____
   n /  -m 
-m*\/  x   
-----------
    n*x    

